<?xml version="1.0" encoding="UTF-8"?>
<!-- Generated by org.testng.reporters.JUnitReportReporter -->
<testsuite hostname="DESKTOP-OJEOPFK" failures="0" tests="1" name="ddclabs.DDC" time="3.760" errors="0" timestamp="2024-06-24T15:41:02 IST" skipped="0">
  <testcase classname="ddclabs.DDC" name="gallery" time="3.760"/>
  <system-out/>
</testsuite> <!-- ddclabs.DDC -->
