<?xml version="1.0" encoding="UTF-8"?>
<!-- Generated by org.testng.reporters.JUnitReportReporter -->
<testsuite hostname="Bineetha-PC" failures="0" tests="3" name="crossbrowsertest.Chrome" time="22.474" errors="0" timestamp="2025-02-27T09:03:14 IST" skipped="0">
  <testcase classname="crossbrowsertest.Chrome" name="URLverification" time="2.789"/>
  <system-out/>
  <testcase classname="crossbrowsertest.Chrome" name="ABOUT" time="7.252"/>
  <system-out/>
  <testcase classname="crossbrowsertest.Chrome" name="services" time="12.433"/>
  <system-out/>
</testsuite> <!-- crossbrowsertest.Chrome -->
